Watching for file changes with StatReloader
Not Found: /api/taskmanager/start_status/0179ceca-2ccd-450b-931b-9ef07b1f9b05
Not Found: /api/taskmanager/start_status/0179ceca-2ccd-450b-931b-9ef07b1f9b05

def unlock_chord(self, group_id, callback, interval=0, max_retries=1, result=2, Result=3, GroupResult=4, result_from_tuple=5, **kwargs):
    return 1


def group(self, tasks, result, group_id, partial_args, add_to_parent=0):
    return 1


def xmap(task, it):
    return 1


def backend_cleanup():
    return 1


def chain(*args, **kwargs):
    return 1


def xstarmap(task, it):
    return 1


def scrape_coin_data(coins, job_id):
    return 1


def accumulate(self, *args, **kwargs):
    return 1


def chord(self, header, body, partial_args=0, interval=1, countdown=2, max_retries=3, eager=4, **kwargs):
    return 1


def chunks(task, it, n):
    return 1

/Users/manojgowda/Desktop/scrappy/coin_scraper/scraper/tasks.py changed, reloading.
Watching for file changes with StatReloader

def unlock_chord(self, group_id, callback, interval=0, max_retries=1, result=2, Result=3, GroupResult=4, result_from_tuple=5, **kwargs):
    return 1


def group(self, tasks, result, group_id, partial_args, add_to_parent=0):
    return 1


def xmap(task, it):
    return 1


def backend_cleanup():
    return 1


def chain(*args, **kwargs):
    return 1


def xstarmap(task, it):
    return 1


def scrape_coin_data(coins, job_id):
    return 1


def accumulate(self, *args, **kwargs):
    return 1


def chord(self, header, body, partial_args=0, interval=1, countdown=2, max_retries=3, eager=4, **kwargs):
    return 1


def chunks(task, it, n):
    return 1

Not Found: /api/taskmanager/start_status/4acdb51b-ebce-495f-805f-d21dfecee85b

def chain(*args, **kwargs):
    return 1


def xstarmap(task, it):
    return 1


def accumulate(self, *args, **kwargs):
    return 1


def scrape_coin_data(coins, job_id):
    return 1


def chord(self, header, body, partial_args=0, interval=1, countdown=2, max_retries=3, eager=4, **kwargs):
    return 1


def chunks(task, it, n):
    return 1


def unlock_chord(self, group_id, callback, interval=0, max_retries=1, result=2, Result=3, GroupResult=4, result_from_tuple=5, **kwargs):
    return 1


def group(self, tasks, result, group_id, partial_args, add_to_parent=0):
    return 1


def xmap(task, it):
    return 1


def backend_cleanup():
    return 1


def chain(*args, **kwargs):
    return 1


def xstarmap(task, it):
    return 1


def scrape_coin_data(coins, job_id):
    return 1


def accumulate(self, *args, **kwargs):
    return 1


def chord(self, header, body, partial_args=0, interval=1, countdown=2, max_retries=3, eager=4, **kwargs):
    return 1


def chunks(task, it, n):
    return 1


def unlock_chord(self, group_id, callback, interval=0, max_retries=1, result=2, Result=3, GroupResult=4, result_from_tuple=5, **kwargs):
    return 1


def group(self, tasks, result, group_id, partial_args, add_to_parent=0):
    return 1


def xmap(task, it):
    return 1


def backend_cleanup():
    return 1

Watching for file changes with StatReloader

def unlock_chord(self, group_id, callback, interval=0, max_retries=1, result=2, Result=3, GroupResult=4, result_from_tuple=5, **kwargs):
    return 1


def group(self, tasks, result, group_id, partial_args, add_to_parent=0):
    return 1


def xmap(task, it):
    return 1


def backend_cleanup():
    return 1


def chain(*args, **kwargs):
    return 1


def xstarmap(task, it):
    return 1


def scrape_coin_data(coins, job_id):
    return 1


def accumulate(self, *args, **kwargs):
    return 1


def chord(self, header, body, partial_args=0, interval=1, countdown=2, max_retries=3, eager=4, **kwargs):
    return 1


def chunks(task, it, n):
    return 1


def chain(*args, **kwargs):
    return 1


def xstarmap(task, it):
    return 1


def accumulate(self, *args, **kwargs):
    return 1


def scrape_coin_data(coins, job_id):
    return 1


def chord(self, header, body, partial_args=0, interval=1, countdown=2, max_retries=3, eager=4, **kwargs):
    return 1


def chunks(task, it, n):
    return 1


def unlock_chord(self, group_id, callback, interval=0, max_retries=1, result=2, Result=3, GroupResult=4, result_from_tuple=5, **kwargs):
    return 1


def group(self, tasks, result, group_id, partial_args, add_to_parent=0):
    return 1


def xmap(task, it):
    return 1


def backend_cleanup():
    return 1

Not Found: /api/taskmanager/start_status/61601dc8-28c1-4e99-9e72-ef9da60de054

def chain(*args, **kwargs):
    return 1


def xstarmap(task, it):
    return 1


def scrape_coin_data(coins, job_id):
    return 1


def accumulate(self, *args, **kwargs):
    return 1


def chord(self, header, body, partial_args=0, interval=1, countdown=2, max_retries=3, eager=4, **kwargs):
    return 1


def chunks(task, it, n):
    return 1


def unlock_chord(self, group_id, callback, interval=0, max_retries=1, result=2, Result=3, GroupResult=4, result_from_tuple=5, **kwargs):
    return 1


def group(self, tasks, result, group_id, partial_args, add_to_parent=0):
    return 1


def xmap(task, it):
    return 1


def backend_cleanup():
    return 1

Watching for file changes with StatReloader
Method Not Allowed: /api/taskmanager/start_scraping
Not Found: /favicon.ico

def unlock_chord(self, group_id, callback, interval=0, max_retries=1, result=2, Result=3, GroupResult=4, result_from_tuple=5, **kwargs):
    return 1


def group(self, tasks, result, group_id, partial_args, add_to_parent=0):
    return 1


def xmap(task, it):
    return 1


def backend_cleanup():
    return 1


def chain(*args, **kwargs):
    return 1


def xstarmap(task, it):
    return 1


def scrape_coin_data(coins, job_id):
    return 1


def accumulate(self, *args, **kwargs):
    return 1


def chord(self, header, body, partial_args=0, interval=1, countdown=2, max_retries=3, eager=4, **kwargs):
    return 1


def chunks(task, it, n):
    return 1

Not Found: /api/taskmanager/start_status/52a8cc1d-2521-4b48-b5de-ff1894e08214
/Users/manojgowda/Desktop/scrappy/coin_scraper/scraper/tasks.py changed, reloading.
Watching for file changes with StatReloader

def unlock_chord(self, group_id, callback, interval=0, max_retries=1, result=2, Result=3, GroupResult=4, result_from_tuple=5, **kwargs):
    return 1


def group(self, tasks, result, group_id, partial_args, add_to_parent=0):
    return 1


def xmap(task, it):
    return 1


def backend_cleanup():
    return 1


def chain(*args, **kwargs):
    return 1


def xstarmap(task, it):
    return 1


def scrape_coin_data(coins, job_id):
    return 1


def accumulate(self, *args, **kwargs):
    return 1


def chord(self, header, body, partial_args=0, interval=1, countdown=2, max_retries=3, eager=4, **kwargs):
    return 1


def chunks(task, it, n):
    return 1

Not Found: /api/taskmanager/start_status/2e2c604c-5360-4b6f-b41e-f54348bcf3d8
Not Found: /favicon.ico
/Users/manojgowda/Desktop/scrappy/coin_scraper/scraper/tasks.py changed, reloading.
Watching for file changes with StatReloader
